[... output truncated ...]

2: (79) r1 = *(u64 *)(r10 -8)         ; R1_w=0x3d08d R10=fp0 fp-8_w=0x3d08d
3: (07) r1 += 1                       ; R1_w=0x3d08e
4: (7b) *(u64 *)(r10 -8) = r1         ; R1_w=0x3d08e R10=fp0 fp-8_w=0x3d08e
; for (;;) {
5: (05) goto pc-4
; sink += 1;
2: (79) r1 = *(u64 *)(r10 -8)         ; R1_w=0x3d08e R10=fp0 fp-8_w=0x3d08e
3: (07) r1 += 1                       ; R1_w=0x3d08f
4: (7b) *(u64 *)(r10 -8) = r1         ; R1_w=0x3d08f R10=fp0 fp-8_w=0x3d08f
; for (;;) {
5: (05) goto pc-4
; sink += 1;
2: (79) r1 = *(u64 *)(r10 -8)         ; R1_w=0x3d08f R10=fp0 fp-8_w=0x3d08f
3: (07) r1 += 1
BPF program is too large. Processed 1000001 insn
processed 1000001 insns (limit 1000000) max_states_per_insn 4 total_states 12500 peak_states 12500 mark_read 1
-- END PROG LOAD LOG --
libbpf: prog 'infinite_loop': failed to load: -7
libbpf: failed to load object 'infinite_loop.bpf.o'
Error: failed to load object file
