[... output truncated ...]

; for (unsigned long long i = 0; i < 10000000; i++) {
6: (07) r1 += 1                       ; R1_w=0x22e08
; for (unsigned long long i = 0; i < 10000000; i++) {
7: (15) if r1 == 0x989680 goto pc+1   ; R1_w=0x22e08
8: (05) goto pc-7
; sink += i;
2: (79) r2 = *(u64 *)(r10 -8)         ; R2_w=0x26032591c R10=fp0 fp-8_w=0x26032591c
3: (bf) r3 = r1                       ; R1_w=0x22e08 R3_w=0x22e08
4: (0f) r3 += r2                      ; R2_w=0x26032591c R3_w=0x260348724
5: (7b) *(u64 *)(r10 -8) = r3         ; R3_w=0x260348724 R10=fp0 fp-8_w=0x260348724
; for (unsigned long long i = 0; i < 10000000; i++) {
6: (07) r1 += 1                       ; R1_w=0x22e09
; for (unsigned long long i = 0; i < 10000000; i++) {
7: (15) if r1 == 0x989680 goto pc+1   ; R1_w=0x22e09
BPF program is too large. Processed 1000001 insn
processed 1000001 insns (limit 1000000) max_states_per_insn 4 total_states 14287 peak_states 14287 mark_read 1
-- END PROG LOAD LOG --
libbpf: prog 'pseudo_loop': failed to load: -7
libbpf: failed to load object 'pseudo_loop.bpf.o'
Error: failed to load object file
